<?xml version="1.0" encoding="UTF-8"?>
<!-- Generated by org.testng.reporters.JUnitXMLReporter -->
<testsuite hostname="DESKTOP-R0AV90C" ignored="0" name="Chrome Test(failed)" tests="1" failures="1" timestamp="29 Mar 2022 07:24:01 GMT" time="45.345" errors="0">
  <testcase name="policyBazaar" time="45.249" classname="org.testng.Executable">
    <failure type="java.lang.AssertionError" message="The following asserts failed:
	Given Data Present expected [Please share some basic details] but found []">
      <![CDATA[java.lang.AssertionError: The following asserts failed:
Given Data Present expected [Please share some basic details] but found []
at org.helper.BaseClass.policyHomeInsuranceCrossbrowser(BaseClass.java:301)
at java.util.concurrent.FutureTask.run(Unknown Source)
at java.util.concurrent.ThreadPoolExecutor.runWorker(Unknown Source)
at java.util.concurrent.ThreadPoolExecutor$Worker.run(Unknown Source)
at java.lang.Thread.run(Unknown Source)
... Removed 18 stack frames]]>
    </failure>
  </testcase> <!-- policyBazaar -->
</testsuite> <!-- Chrome Test(failed) -->
